<?xml version="1.0" encoding="UTF-8"?>
<testsuite xmlns:xsi="http://www.w3.org/2001/XMLSchema-instance" xsi:noNamespaceSchemaLocation="https://maven.apache.org/surefire/maven-surefire-plugin/xsd/surefire-test-report.xsd" name="TestMyClass" time="0.696" tests="3" errors="0" skipped="0" failures="0">
  <properties>
[...]
</properties>
  <testcase name="contextLoads" classname="TestMyClass" time="0.01"/>
  <testcase name="testBranch" classname="TestMyClass" time="0.005"/>
  <testcase name="testMin" classname="TestMyClass" time="0"/>
</testsuite>