<?xml version="1.0" encoding="UTF-8"?>
<testng-results skipped="0" failed="0" ignored="0" total="3" passed="3">
  <reporter-output>
  </reporter-output>
  <suite name="Surefire suite" duration-ms="68" started-at="2019-11-01T17:01:16 IST" finished-at="2019-11-01T17:01:16 IST">
    <groups>
    </groups>
    <test name="Surefire test" duration-ms="68" started-at="2019-11-01T17:01:16 IST" finished-at="2019-11-01T17:01:16 IST">
      <class name="TestMyClass">
        <test-method status="PASS" signature="contextLoads()[pri:0, instance:TestMyClass@77cd7a0]" name="contextLoads" duration-ms="9" started-at="2019-11-01T17:01:16 IST" finished-at="2019-11-01T17:01:16 IST">
          <reporter-output>
          </reporter-output>
        </test-method> <!-- contextLoads -->
        <test-method status="PASS" signature="testBranch()[pri:0, instance:TestMyClass@77cd7a0]" name="testBranch" duration-ms="6" started-at="2019-11-01T17:01:16 IST" finished-at="2019-11-01T17:01:16 IST">
          <reporter-output>
          </reporter-output>
        </test-method> <!-- testBranch -->
        <test-method status="PASS" signature="testMin()[pri:0, instance:TestMyClass@77cd7a0]" name="testMin" duration-ms="1" started-at="2019-11-01T17:01:16 IST" finished-at="2019-11-01T17:01:16 IST">
          <reporter-output>
          </reporter-output>
        </test-method> <!-- testMin -->
      </class> <!-- TestMyClass -->
    </test> <!-- Surefire test -->
  </suite> <!-- Surefire suite -->
</testng-results>
