<?xml version="1.0" encoding="UTF-8"?>
<testng-results skipped="0" failed="0" ignored="0" total="3" passed="3">
  <reporter-output>
  </reporter-output>
  <suite name="Default suite" duration-ms="91" started-at="2019-10-30T09:51:36 IST" finished-at="2019-10-30T09:51:36 IST">
    <groups>
    </groups>
    <test name="Default test" duration-ms="91" started-at="2019-10-30T09:51:36 IST" finished-at="2019-10-30T09:51:36 IST">
      <class name="TestMyClass">
        <test-method status="PASS" signature="contextLoads()[pri:0, instance:TestMyClass@6f3e19b3]" name="contextLoads" duration-ms="19" started-at="2019-10-30T09:51:36 IST" finished-at="2019-10-30T09:51:36 IST">
          <reporter-output>
          </reporter-output>
        </test-method> <!-- contextLoads -->
        <test-method status="PASS" signature="testBranch()[pri:0, instance:TestMyClass@6f3e19b3]" name="testBranch" duration-ms="9" started-at="2019-10-30T09:51:36 IST" finished-at="2019-10-30T09:51:36 IST">
          <reporter-output>
          </reporter-output>
        </test-method> <!-- testBranch -->
        <test-method status="PASS" signature="testMin()[pri:0, instance:TestMyClass@6f3e19b3]" name="testMin" duration-ms="1" started-at="2019-10-30T09:51:36 IST" finished-at="2019-10-30T09:51:36 IST">
          <reporter-output>
          </reporter-output>
        </test-method> <!-- testMin -->
      </class> <!-- TestMyClass -->
    </test> <!-- Default test -->
  </suite> <!-- Default suite -->
</testng-results>
